{
  message: 'DB is connected!',
  level: 'info',
  label: 'right meow!',
  timestamp: '2025-07-20T18:13:08.174Z'
}
{
  message: 'server is running port:5000',
  level: 'info',
  label: 'right meow!',
  timestamp: '2025-07-20T18:13:08.191Z'
}
{
  message: 'DB is connected!',
  level: 'info',
  label: 'right meow!',
  timestamp: '2025-07-20T18:16:48.053Z'
}
{
  message: 'server is running port:5000',
  level: 'info',
  label: 'right meow!',
  timestamp: '2025-07-20T18:16:48.072Z'
}
{
  message: 'DB is connected!',
  level: 'info',
  label: 'right meow!',
  timestamp: '2025-07-20T18:39:33.476Z'
}
{
  message: 'server is running port:5000',
  level: 'info',
  label: 'right meow!',
  timestamp: '2025-07-20T18:39:33.505Z'
}
{
  message: 'DB is connected!',
  level: 'info',
  label: 'right meow!',
  timestamp: '2025-07-20T18:51:17.034Z'
}
{
  message: 'server is running port:5000',
  level: 'info',
  label: 'right meow!',
  timestamp: '2025-07-20T18:51:17.057Z'
}
{
  message: 'DB is connected!',
  level: 'info',
  label: 'right meow!',
  timestamp: '2025-07-20T18:51:44.863Z'
}
{
  message: 'server is running port:5000',
  level: 'info',
  label: 'right meow!',
  timestamp: '2025-07-20T18:51:44.870Z'
}
