{
  message: 'DB is connected!',
  level: 'info',
  label: 'right meow!',
  timestamp: '2025-07-21T09:23:57.906Z'
}
{
  message: 'server is running port:5000',
  level: 'info',
  label: 'right meow!',
  timestamp: '2025-07-21T09:23:57.934Z'
}
{
  message: 'DB is connected!',
  level: 'info',
  label: 'right meow!',
  timestamp: '2025-07-21T09:25:41.601Z'
}
{
  message: 'server is running port:5000',
  level: 'info',
  label: 'right meow!',
  timestamp: '2025-07-21T09:25:41.646Z'
}
{
  message: 'DB is connected!',
  level: 'info',
  label: 'right meow!',
  timestamp: '2025-07-21T09:50:31.011Z'
}
{
  message: 'server is running port:5000',
  level: 'info',
  label: 'right meow!',
  timestamp: '2025-07-21T09:50:31.042Z'
}
