{
  message: 'DB is connected!',
  level: 'info',
  label: 'right meow!',
  timestamp: '2025-07-21T08:11:33.972Z'
}
{
  message: 'server is running port:5000',
  level: 'info',
  label: 'right meow!',
  timestamp: '2025-07-21T08:11:34.004Z'
}
{
  message: 'DB is connected!',
  level: 'info',
  label: 'right meow!',
  timestamp: '2025-07-21T08:15:41.487Z'
}
{
  message: 'server is running port:5000',
  level: 'info',
  label: 'right meow!',
  timestamp: '2025-07-21T08:15:41.512Z'
}
{
  message: 'DB is connected!',
  level: 'info',
  label: 'right meow!',
  timestamp: '2025-07-21T08:25:12.239Z'
}
{
  message: 'server is running port:5000',
  level: 'info',
  label: 'right meow!',
  timestamp: '2025-07-21T08:25:12.261Z'
}
{
  message: 'DB is connected!',
  level: 'info',
  label: 'right meow!',
  timestamp: '2025-07-21T08:51:56.150Z'
}
{
  message: 'server is running port:5000',
  level: 'info',
  label: 'right meow!',
  timestamp: '2025-07-21T08:51:56.182Z'
}
