{
  message: 'DB is connected!',
  level: 'info',
  label: 'right meow!',
  timestamp: '2025-07-20T19:04:17.041Z'
}
{
  message: 'server is running port:5000',
  level: 'info',
  label: 'right meow!',
  timestamp: '2025-07-20T19:04:17.075Z'
}
{
  message: 'DB is connected!',
  level: 'info',
  label: 'right meow!',
  timestamp: '2025-07-20T19:08:35.846Z'
}
{
  message: 'server is running port:5000',
  level: 'info',
  label: 'right meow!',
  timestamp: '2025-07-20T19:08:35.870Z'
}
{
  message: 'DB is connected!',
  level: 'info',
  label: 'right meow!',
  timestamp: '2025-07-20T19:09:52.975Z'
}
{
  message: 'server is running port:5000',
  level: 'info',
  label: 'right meow!',
  timestamp: '2025-07-20T19:09:52.997Z'
}
{
  message: 'DB is connected!',
  level: 'info',
  label: 'right meow!',
  timestamp: '2025-07-20T19:12:45.176Z'
}
{
  message: 'server is running port:5000',
  level: 'info',
  label: 'right meow!',
  timestamp: '2025-07-20T19:12:45.197Z'
}
{
  message: 'DB is connected!',
  level: 'info',
  label: 'right meow!',
  timestamp: '2025-07-20T19:13:13.573Z'
}
{
  message: 'server is running port:5000',
  level: 'info',
  label: 'right meow!',
  timestamp: '2025-07-20T19:13:13.581Z'
}
{
  message: 'DB is connected!',
  level: 'info',
  label: 'right meow!',
  timestamp: '2025-07-20T19:15:06.664Z'
}
{
  message: 'server is running port:5000',
  level: 'info',
  label: 'right meow!',
  timestamp: '2025-07-20T19:15:06.668Z'
}
{
  message: 'DB is connected!',
  level: 'info',
  label: 'right meow!',
  timestamp: '2025-07-20T19:22:16.866Z'
}
{
  message: 'server is running port:5000',
  level: 'info',
  label: 'right meow!',
  timestamp: '2025-07-20T19:22:16.890Z'
}
{
  message: 'DB is connected!',
  level: 'info',
  label: 'right meow!',
  timestamp: '2025-07-20T19:33:36.616Z'
}
{
  message: 'server is running port:5000',
  level: 'info',
  label: 'right meow!',
  timestamp: '2025-07-20T19:33:36.641Z'
}
