{
  message: 'DB is connected!',
  level: 'info',
  label: 'right meow!',
  timestamp: '2025-07-20T17:04:13.654Z'
}
{
  message: 'server is running port:5000',
  level: 'info',
  label: 'right meow!',
  timestamp: '2025-07-20T17:04:13.658Z'
}
{
  message: 'DB is connected!',
  level: 'info',
  label: 'right meow!',
  timestamp: '2025-07-20T17:12:26.754Z'
}
{
  message: 'server is running port:5000',
  level: 'info',
  label: 'right meow!',
  timestamp: '2025-07-20T17:12:26.757Z'
}
{
  message: 'DB is connected!',
  level: 'info',
  label: 'right meow!',
  timestamp: '2025-07-20T17:18:22.885Z'
}
{
  message: 'server is running port:5000',
  level: 'info',
  label: 'right meow!',
  timestamp: '2025-07-20T17:18:22.907Z'
}
{
  message: 'DB is connected!',
  level: 'info',
  label: 'right meow!',
  timestamp: '2025-07-20T17:22:24.681Z'
}
{
  message: 'server is running port:5000',
  level: 'info',
  label: 'right meow!',
  timestamp: '2025-07-20T17:22:24.688Z'
}
{
  message: 'DB is connected!',
  level: 'info',
  label: 'right meow!',
  timestamp: '2025-07-20T17:23:21.551Z'
}
{
  message: 'server is running port:5000',
  level: 'info',
  label: 'right meow!',
  timestamp: '2025-07-20T17:23:21.555Z'
}
{
  message: 'DB is connected!',
  level: 'info',
  label: 'right meow!',
  timestamp: '2025-07-20T17:23:38.209Z'
}
{
  message: 'server is running port:5000',
  level: 'info',
  label: 'right meow!',
  timestamp: '2025-07-20T17:23:38.214Z'
}
